
*** Running vivado
    with args -log Top.vds -m64 -product Vivado -mode batch -messageDb vivado.pb -notrace -source Top.tcl


****** Vivado v2016.3 (64-bit)
  **** SW Build 1682563 on Mon Oct 10 19:07:27 MDT 2016
  **** IP Build 1681267 on Mon Oct 10 21:28:31 MDT 2016
    ** Copyright 1986-2016 Xilinx, Inc. All Rights Reserved.

source Top.tcl -notrace
Command: synth_design -top Top -part xc7a35tcpg236-1
Starting synth_design
Attempting to get a license for feature 'Synthesis' and/or device 'xc7a35t'
INFO: [Common 17-349] Got license for feature 'Synthesis' and/or device 'xc7a35t'
INFO: Launching helper process for spawning children vivado processes
INFO: Helper process launched with PID 14116 
---------------------------------------------------------------------------------
Starting RTL Elaboration : Time (s): cpu = 00:00:08 ; elapsed = 00:00:09 . Memory (MB): peak = 293.945 ; gain = 83.148
---------------------------------------------------------------------------------
INFO: [Synth 8-638] synthesizing module 'Top' [C:/Users/secomd/Documents/UCSC_Schoolwork/Win18/CMPE100/Lab3/Lab3.srcs/sources_1/new/Top.v:23]
INFO: [Synth 8-638] synthesizing module 'Multiplier' [C:/Users/secomd/Documents/UCSC_Schoolwork/Win18/CMPE100/Lab3/Lab3.srcs/sources_1/new/Multiplier.v:23]
INFO: [Synth 8-638] synthesizing module 'MultiplierStage' [C:/Users/secomd/Documents/UCSC_Schoolwork/Win18/CMPE100/Lab3/Lab3.srcs/sources_1/new/MultiplierStage.v:23]
INFO: [Synth 8-638] synthesizing module 'ANDFullAdder' [C:/Users/secomd/Documents/UCSC_Schoolwork/Win18/CMPE100/Lab3/Lab3.srcs/sources_1/new/ANDFullAdder.v:23]
INFO: [Synth 8-638] synthesizing module 'm8_1e' [C:/Users/secomd/Documents/UCSC_Schoolwork/Win18/CMPE100/Lab3/Lab3.srcs/sources_1/new/m8_1e.v:23]
INFO: [Synth 8-256] done synthesizing module 'm8_1e' (1#1) [C:/Users/secomd/Documents/UCSC_Schoolwork/Win18/CMPE100/Lab3/Lab3.srcs/sources_1/new/m8_1e.v:23]
INFO: [Synth 8-256] done synthesizing module 'ANDFullAdder' (2#1) [C:/Users/secomd/Documents/UCSC_Schoolwork/Win18/CMPE100/Lab3/Lab3.srcs/sources_1/new/ANDFullAdder.v:23]
INFO: [Synth 8-256] done synthesizing module 'MultiplierStage' (3#1) [C:/Users/secomd/Documents/UCSC_Schoolwork/Win18/CMPE100/Lab3/Lab3.srcs/sources_1/new/MultiplierStage.v:23]
INFO: [Synth 8-256] done synthesizing module 'Multiplier' (4#1) [C:/Users/secomd/Documents/UCSC_Schoolwork/Win18/CMPE100/Lab3/Lab3.srcs/sources_1/new/Multiplier.v:23]
INFO: [Synth 8-638] synthesizing module 'hex7seg' [C:/Users/secomd/Documents/UCSC_Schoolwork/Win18/CMPE100/Lab3/Lab3.srcs/sources_1/new/hex7seg.v:23]
INFO: [Synth 8-256] done synthesizing module 'hex7seg' (5#1) [C:/Users/secomd/Documents/UCSC_Schoolwork/Win18/CMPE100/Lab3/Lab3.srcs/sources_1/new/hex7seg.v:23]
INFO: [Synth 8-638] synthesizing module 'm2_1x8' [C:/Users/secomd/Documents/UCSC_Schoolwork/Win18/CMPE100/Lab3/Lab3.srcs/sources_1/new/m2_1x8.v:23]
INFO: [Synth 8-256] done synthesizing module 'm2_1x8' (6#1) [C:/Users/secomd/Documents/UCSC_Schoolwork/Win18/CMPE100/Lab3/Lab3.srcs/sources_1/new/m2_1x8.v:23]
INFO: [Synth 8-638] synthesizing module 'lab3_digsel' [C:/Users/secomd/Documents/UCSC_Schoolwork/Win18/CMPE100/Lab3/Lab3.srcs/sources_1/imports/Lab3/lab3_digsel.v:232]
INFO: [Synth 8-638] synthesizing module 'clk_wiz_0' [C:/Users/secomd/Documents/UCSC_Schoolwork/Win18/CMPE100/Lab3/Lab3.srcs/sources_1/imports/Lab3/lab3_digsel.v:24]
INFO: [Synth 8-638] synthesizing module 'IBUF' [C:/Xilinx/Vivado/2016.3/scripts/rt/data/unisim_comp.v:14146]
	Parameter CAPACITANCE bound to: DONT_CARE - type: string 
	Parameter IBUF_DELAY_VALUE bound to: 0 - type: string 
	Parameter IBUF_LOW_PWR bound to: TRUE - type: string 
	Parameter IFD_DELAY_VALUE bound to: AUTO - type: string 
	Parameter IOSTANDARD bound to: DEFAULT - type: string 
INFO: [Synth 8-256] done synthesizing module 'IBUF' (7#1) [C:/Xilinx/Vivado/2016.3/scripts/rt/data/unisim_comp.v:14146]
INFO: [Synth 8-638] synthesizing module 'MMCME2_ADV' [C:/Xilinx/Vivado/2016.3/scripts/rt/data/unisim_comp.v:20414]
	Parameter BANDWIDTH bound to: OPTIMIZED - type: string 
	Parameter CLKFBOUT_MULT_F bound to: 9.125000 - type: float 
	Parameter CLKFBOUT_PHASE bound to: 0.000000 - type: float 
	Parameter CLKFBOUT_USE_FINE_PS bound to: FALSE - type: string 
	Parameter CLKIN1_PERIOD bound to: 10.000000 - type: float 
	Parameter CLKIN2_PERIOD bound to: 0.000000 - type: float 
	Parameter CLKOUT0_DIVIDE_F bound to: 36.500000 - type: float 
	Parameter CLKOUT0_DUTY_CYCLE bound to: 0.500000 - type: float 
	Parameter CLKOUT0_PHASE bound to: 0.000000 - type: float 
	Parameter CLKOUT0_USE_FINE_PS bound to: FALSE - type: string 
	Parameter CLKOUT1_DIVIDE bound to: 1 - type: integer 
	Parameter CLKOUT1_DUTY_CYCLE bound to: 0.500000 - type: float 
	Parameter CLKOUT1_PHASE bound to: 0.000000 - type: float 
	Parameter CLKOUT1_USE_FINE_PS bound to: FALSE - type: string 
	Parameter CLKOUT2_DIVIDE bound to: 1 - type: integer 
	Parameter CLKOUT2_DUTY_CYCLE bound to: 0.500000 - type: float 
	Parameter CLKOUT2_PHASE bound to: 0.000000 - type: float 
	Parameter CLKOUT2_USE_FINE_PS bound to: FALSE - type: string 
	Parameter CLKOUT3_DIVIDE bound to: 1 - type: integer 
	Parameter CLKOUT3_DUTY_CYCLE bound to: 0.500000 - type: float 
	Parameter CLKOUT3_PHASE bound to: 0.000000 - type: float 
	Parameter CLKOUT3_USE_FINE_PS bound to: FALSE - type: string 
	Parameter CLKOUT4_CASCADE bound to: FALSE - type: string 
	Parameter CLKOUT4_DIVIDE bound to: 1 - type: integer 
	Parameter CLKOUT4_DUTY_CYCLE bound to: 0.500000 - type: float 
	Parameter CLKOUT4_PHASE bound to: 0.000000 - type: float 
	Parameter CLKOUT4_USE_FINE_PS bound to: FALSE - type: string 
	Parameter CLKOUT5_DIVIDE bound to: 1 - type: integer 
	Parameter CLKOUT5_DUTY_CYCLE bound to: 0.500000 - type: float 
	Parameter CLKOUT5_PHASE bound to: 0.000000 - type: float 
	Parameter CLKOUT5_USE_FINE_PS bound to: FALSE - type: string 
	Parameter CLKOUT6_DIVIDE bound to: 1 - type: integer 
	Parameter CLKOUT6_DUTY_CYCLE bound to: 0.500000 - type: float 
	Parameter CLKOUT6_PHASE bound to: 0.000000 - type: float 
	Parameter CLKOUT6_USE_FINE_PS bound to: FALSE - type: string 
	Parameter COMPENSATION bound to: ZHOLD - type: string 
	Parameter DIVCLK_DIVIDE bound to: 1 - type: integer 
	Parameter IS_CLKINSEL_INVERTED bound to: 1'b0 
	Parameter IS_PSEN_INVERTED bound to: 1'b0 
	Parameter IS_PSINCDEC_INVERTED bound to: 1'b0 
	Parameter IS_PWRDWN_INVERTED bound to: 1'b0 
	Parameter IS_RST_INVERTED bound to: 1'b0 
	Parameter REF_JITTER1 bound to: 0.010000 - type: float 
	Parameter REF_JITTER2 bound to: 0.010000 - type: float 
	Parameter SS_EN bound to: FALSE - type: string 
	Parameter SS_MODE bound to: CENTER_HIGH - type: string 
	Parameter SS_MOD_PERIOD bound to: 10000 - type: integer 
	Parameter STARTUP_WAIT bound to: FALSE - type: string 
INFO: [Synth 8-256] done synthesizing module 'MMCME2_ADV' (8#1) [C:/Xilinx/Vivado/2016.3/scripts/rt/data/unisim_comp.v:20414]
INFO: [Synth 8-638] synthesizing module 'BUFG' [C:/Xilinx/Vivado/2016.3/scripts/rt/data/unisim_comp.v:607]
INFO: [Synth 8-256] done synthesizing module 'BUFG' (9#1) [C:/Xilinx/Vivado/2016.3/scripts/rt/data/unisim_comp.v:607]
INFO: [Synth 8-256] done synthesizing module 'clk_wiz_0' (10#1) [C:/Users/secomd/Documents/UCSC_Schoolwork/Win18/CMPE100/Lab3/Lab3.srcs/sources_1/imports/Lab3/lab3_digsel.v:24]
INFO: [Synth 8-638] synthesizing module 'clkcntrl4' [C:/Users/secomd/Documents/UCSC_Schoolwork/Win18/CMPE100/Lab3/Lab3.srcs/sources_1/imports/Lab3/lab3_digsel.v:157]
INFO: [Synth 8-638] synthesizing module 'GND' [C:/Xilinx/Vivado/2016.3/scripts/rt/data/unisim_comp.v:4826]
INFO: [Synth 8-256] done synthesizing module 'GND' (11#1) [C:/Xilinx/Vivado/2016.3/scripts/rt/data/unisim_comp.v:4826]
INFO: [Synth 8-638] synthesizing module 'CB4CE_MXILINX_clkcntrl4' [C:/Users/secomd/Documents/UCSC_Schoolwork/Win18/CMPE100/Lab3/Lab3.srcs/sources_1/imports/Lab3/lab3_digsel.v:294]
INFO: [Synth 8-638] synthesizing module 'FTCE_MXILINX_clkcntrl4' [C:/Users/secomd/Documents/UCSC_Schoolwork/Win18/CMPE100/Lab3/Lab3.srcs/sources_1/imports/Lab3/lab3_digsel.v:264]
	Parameter INIT bound to: 1'b0 
INFO: [Synth 8-638] synthesizing module 'XOR2' [C:/Xilinx/Vivado/2016.3/scripts/rt/data/unisim_comp.v:45290]
INFO: [Synth 8-256] done synthesizing module 'XOR2' (12#1) [C:/Xilinx/Vivado/2016.3/scripts/rt/data/unisim_comp.v:45290]
INFO: [Synth 8-638] synthesizing module 'FDCE' [C:/Xilinx/Vivado/2016.3/scripts/rt/data/unisim_comp.v:3748]
	Parameter INIT bound to: 1'b0 
	Parameter IS_CLR_INVERTED bound to: 1'b0 
	Parameter IS_C_INVERTED bound to: 1'b0 
	Parameter IS_D_INVERTED bound to: 1'b0 
INFO: [Synth 8-256] done synthesizing module 'FDCE' (13#1) [C:/Xilinx/Vivado/2016.3/scripts/rt/data/unisim_comp.v:3748]
INFO: [Synth 8-256] done synthesizing module 'FTCE_MXILINX_clkcntrl4' (14#1) [C:/Users/secomd/Documents/UCSC_Schoolwork/Win18/CMPE100/Lab3/Lab3.srcs/sources_1/imports/Lab3/lab3_digsel.v:264]
INFO: [Synth 8-638] synthesizing module 'AND4' [C:/Xilinx/Vivado/2016.3/scripts/rt/data/unisim_comp.v:108]
INFO: [Synth 8-256] done synthesizing module 'AND4' (15#1) [C:/Xilinx/Vivado/2016.3/scripts/rt/data/unisim_comp.v:108]
INFO: [Synth 8-638] synthesizing module 'AND3' [C:/Xilinx/Vivado/2016.3/scripts/rt/data/unisim_comp.v:60]
INFO: [Synth 8-256] done synthesizing module 'AND3' (16#1) [C:/Xilinx/Vivado/2016.3/scripts/rt/data/unisim_comp.v:60]
INFO: [Synth 8-638] synthesizing module 'AND2' [C:/Xilinx/Vivado/2016.3/scripts/rt/data/unisim_comp.v:14]
INFO: [Synth 8-256] done synthesizing module 'AND2' (17#1) [C:/Xilinx/Vivado/2016.3/scripts/rt/data/unisim_comp.v:14]
INFO: [Synth 8-638] synthesizing module 'VCC' [C:/Xilinx/Vivado/2016.3/scripts/rt/data/unisim_comp.v:44693]
INFO: [Synth 8-256] done synthesizing module 'VCC' (18#1) [C:/Xilinx/Vivado/2016.3/scripts/rt/data/unisim_comp.v:44693]
INFO: [Synth 8-256] done synthesizing module 'CB4CE_MXILINX_clkcntrl4' (19#1) [C:/Users/secomd/Documents/UCSC_Schoolwork/Win18/CMPE100/Lab3/Lab3.srcs/sources_1/imports/Lab3/lab3_digsel.v:294]
INFO: [Synth 8-638] synthesizing module 'BUF' [C:/Xilinx/Vivado/2016.3/scripts/rt/data/unisim_comp.v:567]
INFO: [Synth 8-256] done synthesizing module 'BUF' (20#1) [C:/Xilinx/Vivado/2016.3/scripts/rt/data/unisim_comp.v:567]
INFO: [Synth 8-256] done synthesizing module 'clkcntrl4' (21#1) [C:/Users/secomd/Documents/UCSC_Schoolwork/Win18/CMPE100/Lab3/Lab3.srcs/sources_1/imports/Lab3/lab3_digsel.v:157]
WARNING: [Synth 8-4446] all outputs are unconnected for this instance and logic may be removed [C:/Users/secomd/Documents/UCSC_Schoolwork/Win18/CMPE100/Lab3/Lab3.srcs/sources_1/imports/Lab3/lab3_digsel.v:245]
INFO: [Synth 8-638] synthesizing module 'STARTUPE2' [C:/Xilinx/Vivado/2016.3/scripts/rt/data/unisim_comp.v:43498]
	Parameter PROG_USR bound to: FALSE - type: string 
	Parameter SIM_CCLK_FREQ bound to: 0.000000 - type: float 
INFO: [Synth 8-256] done synthesizing module 'STARTUPE2' (22#1) [C:/Xilinx/Vivado/2016.3/scripts/rt/data/unisim_comp.v:43498]
INFO: [Synth 8-256] done synthesizing module 'lab3_digsel' (23#1) [C:/Users/secomd/Documents/UCSC_Schoolwork/Win18/CMPE100/Lab3/Lab3.srcs/sources_1/imports/Lab3/lab3_digsel.v:232]
INFO: [Synth 8-256] done synthesizing module 'Top' (24#1) [C:/Users/secomd/Documents/UCSC_Schoolwork/Win18/CMPE100/Lab3/Lab3.srcs/sources_1/new/Top.v:23]
WARNING: [Synth 8-3917] design Top has port dp driven by constant 1
WARNING: [Synth 8-3917] design Top has port an[3] driven by constant 1
WARNING: [Synth 8-3917] design Top has port an[2] driven by constant 1
---------------------------------------------------------------------------------
Finished RTL Elaboration : Time (s): cpu = 00:00:09 ; elapsed = 00:00:11 . Memory (MB): peak = 331.051 ; gain = 120.254
---------------------------------------------------------------------------------

Report Check Netlist: 
+------+------------------+-------+---------+-------+------------------+
|      |Item              |Errors |Warnings |Status |Description       |
+------+------------------+-------+---------+-------+------------------+
|1     |multi_driven_nets |      0|        0|Passed |Multi driven nets |
+------+------------------+-------+---------+-------+------------------+
---------------------------------------------------------------------------------
Finished RTL Optimization Phase 1 : Time (s): cpu = 00:00:09 ; elapsed = 00:00:11 . Memory (MB): peak = 331.051 ; gain = 120.254
---------------------------------------------------------------------------------
INFO: [Netlist 29-17] Analyzing 37 Unisim elements for replacement
INFO: [Netlist 29-28] Unisim Transformation completed in 0 CPU seconds
INFO: [Device 21-403] Loading part xc7a35tcpg236-1
INFO: [Project 1-570] Preparing netlist for logic optimization

Processing XDC Constraints
Initializing timing engine
Parsing XDC File [C:/Users/secomd/Documents/UCSC_Schoolwork/Win18/CMPE100/Lab3/Lab3.srcs/constrs_1/imports/CMPE100/Basys3_Master.xdc]
Finished Parsing XDC File [C:/Users/secomd/Documents/UCSC_Schoolwork/Win18/CMPE100/Lab3/Lab3.srcs/constrs_1/imports/CMPE100/Basys3_Master.xdc]
INFO: [Project 1-236] Implementation specific constraints were found while reading constraint file [C:/Users/secomd/Documents/UCSC_Schoolwork/Win18/CMPE100/Lab3/Lab3.srcs/constrs_1/imports/CMPE100/Basys3_Master.xdc]. These constraints will be ignored for synthesis but will be used in implementation. Impacted constraints are listed in the file [.Xil/Top_propImpl.xdc].
Resolution: To avoid this warning, move constraints listed in [.Xil/Top_propImpl.xdc] to another XDC file and exclude this new file from synthesis with the used_in_synthesis property (File Properties dialog in GUI) and re-run elaboration/synthesis.
INFO: [Timing 38-2] Deriving generated clocks
Completed Processing XDC Constraints

INFO: [Project 1-111] Unisim Transformation Summary:
  A total of 34 instances were transformed.
  AND2 => LUT2: 8 instances
  AND3 => LUT3: 4 instances
  AND4 => LUT4: 4 instances
  BUF => LUT1: 2 instances
  XOR2 => LUT2: 16 instances

Constraint Validation Runtime : Time (s): cpu = 00:00:00 ; elapsed = 00:00:00.034 . Memory (MB): peak = 626.586 ; gain = 0.000
---------------------------------------------------------------------------------
Finished Constraint Validation : Time (s): cpu = 00:00:22 ; elapsed = 00:00:25 . Memory (MB): peak = 626.586 ; gain = 415.789
---------------------------------------------------------------------------------
---------------------------------------------------------------------------------
Start Loading Part and Timing Information
---------------------------------------------------------------------------------
Loading part: xc7a35tcpg236-1
---------------------------------------------------------------------------------
Finished Loading Part and Timing Information : Time (s): cpu = 00:00:22 ; elapsed = 00:00:25 . Memory (MB): peak = 626.586 ; gain = 415.789
---------------------------------------------------------------------------------
---------------------------------------------------------------------------------
Start Applying 'set_property' XDC Constraints
---------------------------------------------------------------------------------
---------------------------------------------------------------------------------
Finished applying 'set_property' XDC Constraints : Time (s): cpu = 00:00:22 ; elapsed = 00:00:25 . Memory (MB): peak = 626.586 ; gain = 415.789
---------------------------------------------------------------------------------
---------------------------------------------------------------------------------
Finished RTL Optimization Phase 2 : Time (s): cpu = 00:00:23 ; elapsed = 00:00:26 . Memory (MB): peak = 626.586 ; gain = 415.789
---------------------------------------------------------------------------------

Report RTL Partitions: 
+-+--------------+------------+----------+
| |RTL Partition |Replication |Instances |
+-+--------------+------------+----------+
+-+--------------+------------+----------+
---------------------------------------------------------------------------------
Start RTL Component Statistics 
---------------------------------------------------------------------------------
Detailed RTL Component Info : 
---------------------------------------------------------------------------------
Finished RTL Component Statistics 
---------------------------------------------------------------------------------
---------------------------------------------------------------------------------
Start RTL Hierarchical Component Statistics 
---------------------------------------------------------------------------------
Hierarchical RTL Component report 
---------------------------------------------------------------------------------
Finished RTL Hierarchical Component Statistics
---------------------------------------------------------------------------------
---------------------------------------------------------------------------------
Start Part Resource Summary
---------------------------------------------------------------------------------
Part Resources:
DSPs: 90 (col length:60)
BRAMs: 100 (col length: RAMB18 60 RAMB36 30)
---------------------------------------------------------------------------------
Finished Part Resource Summary
---------------------------------------------------------------------------------
---------------------------------------------------------------------------------
Start Cross Boundary and Area Optimization
---------------------------------------------------------------------------------
WARNING: [Synth 8-3917] design Top has port dp driven by constant 1
WARNING: [Synth 8-3917] design Top has port an[3] driven by constant 1
WARNING: [Synth 8-3917] design Top has port an[2] driven by constant 1
WARNING: [Synth 8-3332] Sequential element (myDigSel/slowit/XLXI_40/I_Q1/I_36_35) is unused and will be removed from module Top.
WARNING: [Synth 8-3332] Sequential element (myDigSel/slowit/XLXI_40/I_Q2/I_36_35) is unused and will be removed from module Top.
WARNING: [Synth 8-3332] Sequential element (myDigSel/slowit/XLXI_40/I_Q3/I_36_35) is unused and will be removed from module Top.
---------------------------------------------------------------------------------
Finished Cross Boundary and Area Optimization : Time (s): cpu = 00:00:25 ; elapsed = 00:00:29 . Memory (MB): peak = 626.586 ; gain = 415.789
---------------------------------------------------------------------------------

Report RTL Partitions: 
+-+--------------+------------+----------+
| |RTL Partition |Replication |Instances |
+-+--------------+------------+----------+
+-+--------------+------------+----------+
---------------------------------------------------------------------------------
Start Timing Optimization
---------------------------------------------------------------------------------
---------------------------------------------------------------------------------
Start Applying XDC Timing Constraints
---------------------------------------------------------------------------------
---------------------------------------------------------------------------------
Finished Applying XDC Timing Constraints : Time (s): cpu = 00:00:40 ; elapsed = 00:00:44 . Memory (MB): peak = 626.586 ; gain = 415.789
---------------------------------------------------------------------------------
---------------------------------------------------------------------------------
Finished Timing Optimization : Time (s): cpu = 00:00:40 ; elapsed = 00:00:44 . Memory (MB): peak = 626.586 ; gain = 415.789
---------------------------------------------------------------------------------

Report RTL Partitions: 
+-+--------------+------------+----------+
| |RTL Partition |Replication |Instances |
+-+--------------+------------+----------+
+-+--------------+------------+----------+
---------------------------------------------------------------------------------
Start Technology Mapping
---------------------------------------------------------------------------------
---------------------------------------------------------------------------------
Finished Technology Mapping : Time (s): cpu = 00:00:40 ; elapsed = 00:00:44 . Memory (MB): peak = 626.586 ; gain = 415.789
---------------------------------------------------------------------------------

Report RTL Partitions: 
+-+--------------+------------+----------+
| |RTL Partition |Replication |Instances |
+-+--------------+------------+----------+
+-+--------------+------------+----------+
---------------------------------------------------------------------------------
Start IO Insertion
---------------------------------------------------------------------------------
---------------------------------------------------------------------------------
Start Flattening Before IO Insertion
---------------------------------------------------------------------------------
---------------------------------------------------------------------------------
Finished Flattening Before IO Insertion
---------------------------------------------------------------------------------
---------------------------------------------------------------------------------
Start Final Netlist Cleanup
---------------------------------------------------------------------------------
---------------------------------------------------------------------------------
Finished Final Netlist Cleanup
---------------------------------------------------------------------------------
---------------------------------------------------------------------------------
Finished IO Insertion : Time (s): cpu = 00:00:41 ; elapsed = 00:00:45 . Memory (MB): peak = 626.586 ; gain = 415.789
---------------------------------------------------------------------------------

Report Check Netlist: 
+------+------------------+-------+---------+-------+------------------+
|      |Item              |Errors |Warnings |Status |Description       |
+------+------------------+-------+---------+-------+------------------+
|1     |multi_driven_nets |      0|        0|Passed |Multi driven nets |
+------+------------------+-------+---------+-------+------------------+
---------------------------------------------------------------------------------
Start Renaming Generated Instances
---------------------------------------------------------------------------------
---------------------------------------------------------------------------------
Finished Renaming Generated Instances : Time (s): cpu = 00:00:41 ; elapsed = 00:00:45 . Memory (MB): peak = 626.586 ; gain = 415.789
---------------------------------------------------------------------------------

Report RTL Partitions: 
+-+--------------+------------+----------+
| |RTL Partition |Replication |Instances |
+-+--------------+------------+----------+
+-+--------------+------------+----------+
---------------------------------------------------------------------------------
Start Rebuilding User Hierarchy
---------------------------------------------------------------------------------
---------------------------------------------------------------------------------
Finished Rebuilding User Hierarchy : Time (s): cpu = 00:00:41 ; elapsed = 00:00:45 . Memory (MB): peak = 626.586 ; gain = 415.789
---------------------------------------------------------------------------------
---------------------------------------------------------------------------------
Start Renaming Generated Ports
---------------------------------------------------------------------------------
---------------------------------------------------------------------------------
Finished Renaming Generated Ports : Time (s): cpu = 00:00:41 ; elapsed = 00:00:45 . Memory (MB): peak = 626.586 ; gain = 415.789
---------------------------------------------------------------------------------
---------------------------------------------------------------------------------
Start Handling Custom Attributes
---------------------------------------------------------------------------------
---------------------------------------------------------------------------------
Finished Handling Custom Attributes : Time (s): cpu = 00:00:41 ; elapsed = 00:00:45 . Memory (MB): peak = 626.586 ; gain = 415.789
---------------------------------------------------------------------------------
---------------------------------------------------------------------------------
Start Renaming Generated Nets
---------------------------------------------------------------------------------
---------------------------------------------------------------------------------
Finished Renaming Generated Nets : Time (s): cpu = 00:00:41 ; elapsed = 00:00:45 . Memory (MB): peak = 626.586 ; gain = 415.789
---------------------------------------------------------------------------------
---------------------------------------------------------------------------------
Start Writing Synthesis Report
---------------------------------------------------------------------------------

Report BlackBoxes: 
+-+--------------+----------+
| |BlackBox name |Instances |
+-+--------------+----------+
+-+--------------+----------+

Report Cell Usage: 
+------+-----------+------+
|      |Cell       |Count |
+------+-----------+------+
|1     |AND2       |     6|
|2     |AND3       |     3|
|3     |AND4       |     3|
|4     |BUF        |     2|
|5     |BUFG       |     2|
|6     |LUT1       |     1|
|7     |LUT4       |     6|
|8     |LUT6       |    25|
|9     |MMCME2_ADV |     1|
|10    |STARTUPE2  |     1|
|11    |XOR2       |    13|
|12    |FDCE       |    13|
|13    |IBUF       |    10|
|14    |OBUF       |    13|
+------+-----------+------+

Report Instance Areas: 
+------+----------------+--------------------------+------+
|      |Instance        |Module                    |Cells |
+------+----------------+--------------------------+------+
|1     |top             |                          |    99|
|2     |  myDigSel      |lab3_digsel               |    54|
|3     |    my_clk_inst |clk_wiz_0                 |     4|
|4     |    slowit      |clkcntrl4                 |    49|
|5     |      XLXI_37   |CB4CE_MXILINX_clkcntrl4   |    12|
|6     |        I_Q0    |FTCE_MXILINX_clkcntrl4_11 |     2|
|7     |        I_Q1    |FTCE_MXILINX_clkcntrl4_12 |     2|
|8     |        I_Q2    |FTCE_MXILINX_clkcntrl4_13 |     2|
|9     |        I_Q3    |FTCE_MXILINX_clkcntrl4_14 |     2|
|10    |      XLXI_38   |CB4CE_MXILINX_clkcntrl4_0 |    12|
|11    |        I_Q0    |FTCE_MXILINX_clkcntrl4_7  |     2|
|12    |        I_Q1    |FTCE_MXILINX_clkcntrl4_8  |     2|
|13    |        I_Q2    |FTCE_MXILINX_clkcntrl4_9  |     2|
|14    |        I_Q3    |FTCE_MXILINX_clkcntrl4_10 |     2|
|15    |      XLXI_39   |CB4CE_MXILINX_clkcntrl4_1 |    12|
|16    |        I_Q0    |FTCE_MXILINX_clkcntrl4_3  |     2|
|17    |        I_Q1    |FTCE_MXILINX_clkcntrl4_4  |     2|
|18    |        I_Q2    |FTCE_MXILINX_clkcntrl4_5  |     2|
|19    |        I_Q3    |FTCE_MXILINX_clkcntrl4_6  |     2|
|20    |      XLXI_40   |CB4CE_MXILINX_clkcntrl4_2 |     2|
|21    |        I_Q0    |FTCE_MXILINX_clkcntrl4    |     2|
+------+----------------+--------------------------+------+
---------------------------------------------------------------------------------
Finished Writing Synthesis Report : Time (s): cpu = 00:00:41 ; elapsed = 00:00:45 . Memory (MB): peak = 626.586 ; gain = 415.789
---------------------------------------------------------------------------------
Synthesis finished with 0 errors, 0 critical warnings and 6 warnings.
Synthesis Optimization Runtime : Time (s): cpu = 00:00:23 ; elapsed = 00:00:31 . Memory (MB): peak = 626.586 ; gain = 112.621
Synthesis Optimization Complete : Time (s): cpu = 00:00:41 ; elapsed = 00:00:45 . Memory (MB): peak = 626.586 ; gain = 415.789
INFO: [Project 1-571] Translating synthesized netlist
INFO: [Netlist 29-17] Analyzing 39 Unisim elements for replacement
INFO: [Netlist 29-28] Unisim Transformation completed in 0 CPU seconds
INFO: [Project 1-570] Preparing netlist for logic optimization
INFO: [Opt 31-138] Pushed 0 inverter(s) to 0 load pin(s).
INFO: [Project 1-111] Unisim Transformation Summary:
  A total of 27 instances were transformed.
  AND2 => LUT2: 6 instances
  AND3 => LUT3: 3 instances
  AND4 => LUT4: 3 instances
  BUF => LUT1: 2 instances
  XOR2 => LUT2: 13 instances

INFO: [Common 17-83] Releasing license: Synthesis
71 Infos, 10 Warnings, 0 Critical Warnings and 0 Errors encountered.
synth_design completed successfully
synth_design: Time (s): cpu = 00:00:39 ; elapsed = 00:00:42 . Memory (MB): peak = 626.586 ; gain = 415.316
INFO: [Common 17-1381] The checkpoint 'C:/Users/secomd/Documents/UCSC_Schoolwork/Win18/CMPE100/Lab3/Lab3.runs/synth_1/Top.dcp' has been generated.
report_utilization: Time (s): cpu = 00:00:00 ; elapsed = 00:00:00.018 . Memory (MB): peak = 626.586 ; gain = 0.000
INFO: [Common 17-206] Exiting Vivado at Thu Jan 25 14:08:24 2018...
