Copyright 1986-2016 Xilinx, Inc. All Rights Reserved.
-------------------------------------------------------------------------------------------------------------------------------
| Tool Version     : Vivado v.2016.3 (win64) Build 1682563 Mon Oct 10 19:07:27 MDT 2016
| Date             : Wed Mar 07 16:48:29 2018
| Host             : SKOTG running 64-bit Service Pack 1  (build 7601)
| Command          : report_power -file Top_power_routed.rpt -pb Top_power_summary_routed.pb -rpx Top_power_routed.rpx
| Design           : Top
| Device           : xc7a35tcpg236-1
| Design State     : routed
| Grade            : commercial
| Process          : typical
| Characterization : Production
-------------------------------------------------------------------------------------------------------------------------------

Power Report

Table of Contents
-----------------
1. Summary
1.1 On-Chip Components
1.2 Power Supply Summary
1.3 Confidence Level
2. Settings
2.1 Environment
2.2 Clock Constraints
3. Detailed Reports
3.1 By Hierarchy

1. Summary
----------

+--------------------------+-------+
| Total On-Chip Power (W)  | 0.190 |
| Dynamic (W)              | 0.118 |
| Device Static (W)        | 0.072 |
| Effective TJA (C/W)      | 5.0   |
| Max Ambient (C)          | 84.0  |
| Junction Temperature (C) | 26.0  |
| Confidence Level         | Low   |
| Setting File             | ---   |
| Simulation Activity File | ---   |
| Design Nets Matched      | NA    |
+--------------------------+-------+


1.1 On-Chip Components
----------------------

+----------------+-----------+----------+-----------+-----------------+
| On-Chip        | Power (W) | Used     | Available | Utilization (%) |
+----------------+-----------+----------+-----------+-----------------+
| Clocks         |    <0.001 |        5 |       --- |             --- |
| Slice Logic    |    <0.001 |     1605 |       --- |             --- |
|   LUT as Logic |    <0.001 |      730 |     20800 |            3.51 |
|   CARRY4       |    <0.001 |      116 |      8150 |            1.42 |
|   Register     |    <0.001 |      292 |     41600 |            0.70 |
|   F7/F8 Muxes  |    <0.001 |        1 |     32600 |           <0.01 |
|   Others       |     0.000 |      156 |       --- |             --- |
| Signals        |    <0.001 |      877 |       --- |             --- |
| MMCM           |     0.116 |        1 |         5 |           20.00 |
| I/O            |    <0.001 |       50 |       106 |           47.17 |
| Static Power   |     0.072 |          |           |                 |
| Total          |     0.190 |          |           |                 |
+----------------+-----------+----------+-----------+-----------------+


1.2 Power Supply Summary
------------------------

+-----------+-------------+-----------+-------------+------------+
| Source    | Voltage (V) | Total (A) | Dynamic (A) | Static (A) |
+-----------+-------------+-----------+-------------+------------+
| Vccint    |       1.000 |     0.012 |       0.002 |      0.010 |
| Vccaux    |       1.800 |     0.077 |       0.064 |      0.013 |
| Vcco33    |       3.300 |     0.001 |       0.000 |      0.001 |
| Vcco25    |       2.500 |     0.000 |       0.000 |      0.000 |
| Vcco18    |       1.800 |     0.000 |       0.000 |      0.000 |
| Vcco15    |       1.500 |     0.000 |       0.000 |      0.000 |
| Vcco135   |       1.350 |     0.000 |       0.000 |      0.000 |
| Vcco12    |       1.200 |     0.000 |       0.000 |      0.000 |
| Vccaux_io |       1.800 |     0.000 |       0.000 |      0.000 |
| Vccbram   |       1.000 |     0.000 |       0.000 |      0.000 |
| MGTAVcc   |       1.000 |     0.000 |       0.000 |      0.000 |
| MGTAVtt   |       1.200 |     0.000 |       0.000 |      0.000 |
| Vccadc    |       1.800 |     0.020 |       0.000 |      0.020 |
+-----------+-------------+-----------+-------------+------------+


1.3 Confidence Level
--------------------

+-----------------------------+------------+--------------------------------------------------------+------------------------------------------------------------------------------------------------------------+
| User Input Data             | Confidence | Details                                                | Action                                                                                                     |
+-----------------------------+------------+--------------------------------------------------------+------------------------------------------------------------------------------------------------------------+
| Design implementation state | High       | Design is routed                                       |                                                                                                            |
| Clock nodes activity        | High       | User specified more than 95% of clocks                 |                                                                                                            |
| I/O nodes activity          | Low        | More than 75% of inputs are missing user specification | Provide missing input activity with simulation results or by editing the "By Resource Type -> I/Os" view   |
| Internal nodes activity     | Medium     | User specified less than 25% of internal nodes         | Provide missing internal nodes activity with simulation results or by editing the "By Resource Type" views |
| Device models               | High       | Device models are Production                           |                                                                                                            |
|                             |            |                                                        |                                                                                                            |
| Overall confidence level    | Low        |                                                        |                                                                                                            |
+-----------------------------+------------+--------------------------------------------------------+------------------------------------------------------------------------------------------------------------+


2. Settings
-----------

2.1 Environment
---------------

+-----------------------+--------------------------+
| Ambient Temp (C)      | 25.0                     |
| ThetaJA (C/W)         | 5.0                      |
| Airflow (LFM)         | 250                      |
| Heat Sink             | medium (Medium Profile)  |
| ThetaSA (C/W)         | 4.6                      |
| Board Selection       | medium (10"x10")         |
| # of Board Layers     | 12to15 (12 to 15 Layers) |
| Board Temperature (C) | 25.0                     |
+-----------------------+--------------------------+


2.2 Clock Constraints
---------------------

+--------------------+--------------------------------------------+-----------------+
| Clock              | Domain                                     | Constraint (ns) |
+--------------------+--------------------------------------------+-----------------+
| clk_out1_clk_wiz_0 | not_so_slow/my_clk_inst/clk_out1_clk_wiz_0 |            40.0 |
| clkfbout_clk_wiz_0 | not_so_slow/my_clk_inst/clkfbout_clk_wiz_0 |            10.0 |
| sys_clk_pin        | clkin                                      |            10.0 |
+--------------------+--------------------------------------------+-----------------+


3. Detailed Reports
-------------------

3.1 By Hierarchy
----------------

+------------------+-----------+
| Name             | Power (W) |
+------------------+-----------+
| Top              |     0.118 |
|   EightFrameEdge |    <0.001 |
|   FrameCounter   |    <0.001 |
|     count1       |    <0.001 |
|     count2       |    <0.001 |
|     count3       |    <0.001 |
|     count4       |    <0.001 |
|   Gate1          |    <0.001 |
|     GVCount      |    <0.001 |
|       count1     |    <0.001 |
|       count2     |    <0.001 |
|       count3     |    <0.001 |
|       count4     |    <0.001 |
|   Gate2          |    <0.001 |
|     GVCount      |    <0.001 |
|       count1     |    <0.001 |
|       count2     |    <0.001 |
|       count3     |    <0.001 |
|       count4     |    <0.001 |
|   Gate3          |    <0.001 |
|     GVCount      |    <0.001 |
|       count1     |    <0.001 |
|       count2     |    <0.001 |
|       count3     |    <0.001 |
|       count4     |    <0.001 |
|   Gate4          |    <0.001 |
|     GVCount      |    <0.001 |
|       count1     |    <0.001 |
|       count2     |    <0.001 |
|       count3     |    <0.001 |
|       count4     |    <0.001 |
|   Gate5          |    <0.001 |
|     GVCount      |    <0.001 |
|       count1     |    <0.001 |
|       count2     |    <0.001 |
|       count3     |    <0.001 |
|       count4     |    <0.001 |
|   Gate6          |    <0.001 |
|     GVCount      |    <0.001 |
|       count1     |    <0.001 |
|       count2     |    <0.001 |
|       count3     |    <0.001 |
|       count4     |    <0.001 |
|   Gate7          |    <0.001 |
|     GVCount      |    <0.001 |
|       count1     |    <0.001 |
|       count2     |    <0.001 |
|       count3     |    <0.001 |
|       count4     |    <0.001 |
|   Gate8          |    <0.001 |
|     GVCount      |    <0.001 |
|       count1     |    <0.001 |
|       count2     |    <0.001 |
|       count3     |    <0.001 |
|       count4     |    <0.001 |
|   MyCounter      |    <0.001 |
|   MyGame         |    <0.001 |
|   MySkiier       |    <0.001 |
|   MyVGA          |    <0.001 |
|     HCounter     |    <0.001 |
|       count1     |    <0.001 |
|       count2     |    <0.001 |
|       count3     |    <0.001 |
|       count4     |    <0.001 |
|     VCounter     |    <0.001 |
|       count1     |    <0.001 |
|       count2     |    <0.001 |
|       count3     |    <0.001 |
|       count4     |    <0.001 |
|   NewFrameEdge   |    <0.001 |
|   SHCount        |    <0.001 |
|     count1       |    <0.001 |
|     count2       |    <0.001 |
|     count3       |    <0.001 |
|     count4       |    <0.001 |
|   SVCount        |    <0.001 |
|     count1       |    <0.001 |
|     count2       |    <0.001 |
|     count3       |    <0.001 |
|     count4       |    <0.001 |
|   ScoreCounter   |    <0.001 |
|     counter0     |    <0.001 |
|     counter1     |    <0.001 |
|   SwitchEdge     |    <0.001 |
|   not_so_slow    |     0.117 |
|     my_clk_inst  |     0.116 |
|     slowclk      |    <0.001 |
|       XLXI_38    |    <0.001 |
|         I_Q0     |    <0.001 |
|         I_Q1     |    <0.001 |
|         I_Q2     |    <0.001 |
|         I_Q3     |    <0.001 |
|       XLXI_39    |    <0.001 |
|         I_Q0     |    <0.001 |
|         I_Q1     |    <0.001 |
|         I_Q2     |    <0.001 |
|         I_Q3     |    <0.001 |
|       XLXI_40    |    <0.001 |
|         I_Q0     |    <0.001 |
|         I_Q1     |    <0.001 |
|         I_Q2     |    <0.001 |
|         I_Q3     |    <0.001 |
|       XLXI_45    |    <0.001 |
|         I_Q0     |    <0.001 |
|         I_Q1     |    <0.001 |
|         I_Q2     |    <0.001 |
|         I_Q3     |    <0.001 |
|   random         |    <0.001 |
+------------------+-----------+


