{ Using PSTWRITER 17.2.0 d001Sep-27-2018 at 23:30:35 }

#1 WARNING(ORCAP-36006): Part Name "DIODE SCHOTTKY_0_AX400_35D_1N5818" is renamed to "DIODE SCHOTTKY_0_AX400_35D_1N58".
#2 WARNING(ORCAP-36006): Part Name "JUMPER8_BCON_8X2V_100S_1SQ_42D_JUMPER8" is renamed to "JUMPER8_BCON_8X2V_100S_1SQ_42D_".
#3 WARNING(ORCAP-36006): Part Name "10PIN 1ROW HEADER_BCON_10X1V_100S_1SQ_42D_10PIN 1ROW HEADER" is renamed to "10PIN 1ROW HEADER_BCON_10X1V_10".
#4 WARNING(ORCAP-36006): Part Name "2PIN HEADER_0_BCON_2X1V_100S_1SQ_42D_+9V BATTERY" is renamed to "2PIN HEADER_0_BCON_2X1V_100S_1S".
#5 WARNING(ORCAP-36006): Part Name "JUMPER3_BCON_3X2V_100S_42D_JUMPER3" is renamed to "JUMPER3_BCON_3X2V_100S_42D_JUMP".
#6 WARNING(ORCAP-36006): Part Name "2PIN HEADER_0_BCON_2X1V_100S_1SQ_42D_TX TEST JUMPER" is renamed to "2PIN HEADER_0_BCON_2X1V_100S__1".
#7 WARNING(ORCAP-36006): Part Name "TPS1120_1_SOJ50_8_WB150_L150_TPS1120" is renamed to "TPS1120_1_SOJ50_8_WB150_L150_TP".
#8 WARNING(ORCAP-36006): Part Name "SW PUSHBUTTON_B3F-1000_38D_SW PUSHBUTTON" is renamed to "SW PUSHBUTTON_B3F-1000_38D_SW P".
#9 WARNING(ORCAP-36006): Part Name "SW_SL_SPDT_0_SPDT_EG1206_SW_SL_SPDT" is renamed to "SW_SL_SPDT_0_SPDT_EG1206_SW_SL_".
#10 WARNING(ORCAP-36006): Part Name "HT12E_4_DIP100_18_W300_L950_HT12E" is renamed to "HT12E_4_DIP100_18_W300_L950_HT1".
#11 WARNING(ORCAP-36006): Part Name "ATF16V8BQL_3_DIP100_20_W300_L975_ATF16V8BQL" is renamed to "ATF16V8BQL_3_DIP100_20_W300_L97".
#12 WARNING(ORCAP-36006): Part Name "74HC00_8_DIP100_14_W300_L700_74HC00" is renamed to "74HC00_8_DIP100_14_W300_L700_74".
#13 WARNING(ORCAP-36006): Part Name "LM317_1_SMSOT223_1234_LM317A/SOT223" is renamed to "LM317_1_SMSOT223_1234_LM317A/SO".
INFO(ORCAP-36080): Scanning netlist files ...

Loading... C:\Users\Stephen\Documents\SchoolworkUCSC\EE174\Tutorial\Handset\pcb/pstchip.dat

Loading... C:\Users\Stephen\Documents\SchoolworkUCSC\EE174\Tutorial\Handset\pcb/pstchip.dat

Loading... C:\Users\Stephen\Documents\SchoolworkUCSC\EE174\Tutorial\Handset\pcb/pstxprt.dat

Loading... C:\Users\Stephen\Documents\SchoolworkUCSC\EE174\Tutorial\Handset\pcb/pstxnet.dat
packaging the design view...