Copyright 1986-2016 Xilinx, Inc. All Rights Reserved.
-------------------------------------------------------------------------------------------------------------
| Tool Version : Vivado v.2016.3 (win64) Build 1682563 Mon Oct 10 19:07:27 MDT 2016
| Date         : Tue Feb 06 15:07:47 2018
| Host         : SKOTG running 64-bit Service Pack 1  (build 7601)
| Command      : report_methodology -file Top_methodology_drc_routed.rpt -rpx Top_methodology_drc_routed.rpx
| Design       : Top
| Device       : xc7a35tcpg236-1
| Speed File   : -1
| Design State : Routed
-------------------------------------------------------------------------------------------------------------

Report Methodology

Table of Contents
-----------------
1. REPORT SUMMARY
2. REPORT DETAILS

1. REPORT SUMMARY
-----------------
            Netlist: netlist
          Floorplan: design_1
      Design limits: <entire design considered>
             Max violations: <unlimited>
             Violations found: 36
+-----------+----------+-------------------------------+------------+
| Rule      | Severity | Description                   | Violations |
+-----------+----------+-------------------------------+------------+
| TIMING-17 | Warning  | Non-clocked sequential cell   | 4          |
| TIMING-18 | Warning  | Missing input or output delay | 32         |
+-----------+----------+-------------------------------+------------+

2. REPORT DETAILS
-----------------
TIMING-17#1 Warning
Non-clocked sequential cell  
The clock pin myClks/slowclk/XLXI_40/I_Q0/I_36_35/C is not reached by a timing clock
Related violations: <none>

TIMING-17#2 Warning
Non-clocked sequential cell  
The clock pin myClks/slowclk/XLXI_40/I_Q1/I_36_35/C is not reached by a timing clock
Related violations: <none>

TIMING-17#3 Warning
Non-clocked sequential cell  
The clock pin myClks/slowclk/XLXI_40/I_Q2/I_36_35/C is not reached by a timing clock
Related violations: <none>

TIMING-17#4 Warning
Non-clocked sequential cell  
The clock pin myClks/slowclk/XLXI_40/I_Q3/I_36_35/C is not reached by a timing clock
Related violations: <none>

TIMING-18#1 Warning
Missing input or output delay  
An input delay is missing on btnC relative to clock(s) VIRTUAL_clk_out1_clk_wiz_0 
Related violations: <none>

TIMING-18#2 Warning
Missing input or output delay  
An input delay is missing on btnD relative to clock(s) VIRTUAL_clk_out1_clk_wiz_0 
Related violations: <none>

TIMING-18#3 Warning
Missing input or output delay  
An input delay is missing on btnL relative to clock(s) VIRTUAL_clk_out1_clk_wiz_0 
Related violations: <none>

TIMING-18#4 Warning
Missing input or output delay  
An input delay is missing on btnU relative to clock(s) VIRTUAL_clk_out1_clk_wiz_0 
Related violations: <none>

TIMING-18#5 Warning
Missing input or output delay  
An input delay is missing on sw[0] relative to clock(s) VIRTUAL_clk_out1_clk_wiz_0 
Related violations: <none>

TIMING-18#6 Warning
Missing input or output delay  
An input delay is missing on sw[10] relative to clock(s) VIRTUAL_clk_out1_clk_wiz_0 
Related violations: <none>

TIMING-18#7 Warning
Missing input or output delay  
An input delay is missing on sw[11] relative to clock(s) VIRTUAL_clk_out1_clk_wiz_0 
Related violations: <none>

TIMING-18#8 Warning
Missing input or output delay  
An input delay is missing on sw[12] relative to clock(s) VIRTUAL_clk_out1_clk_wiz_0 
Related violations: <none>

TIMING-18#9 Warning
Missing input or output delay  
An input delay is missing on sw[13] relative to clock(s) VIRTUAL_clk_out1_clk_wiz_0 
Related violations: <none>

TIMING-18#10 Warning
Missing input or output delay  
An input delay is missing on sw[14] relative to clock(s) VIRTUAL_clk_out1_clk_wiz_0 
Related violations: <none>

TIMING-18#11 Warning
Missing input or output delay  
An input delay is missing on sw[15] relative to clock(s) VIRTUAL_clk_out1_clk_wiz_0 
Related violations: <none>

TIMING-18#12 Warning
Missing input or output delay  
An input delay is missing on sw[1] relative to clock(s) VIRTUAL_clk_out1_clk_wiz_0 
Related violations: <none>

TIMING-18#13 Warning
Missing input or output delay  
An input delay is missing on sw[2] relative to clock(s) VIRTUAL_clk_out1_clk_wiz_0 
Related violations: <none>

TIMING-18#14 Warning
Missing input or output delay  
An input delay is missing on sw[3] relative to clock(s) VIRTUAL_clk_out1_clk_wiz_0 
Related violations: <none>

TIMING-18#15 Warning
Missing input or output delay  
An input delay is missing on sw[4] relative to clock(s) VIRTUAL_clk_out1_clk_wiz_0 
Related violations: <none>

TIMING-18#16 Warning
Missing input or output delay  
An input delay is missing on sw[5] relative to clock(s) VIRTUAL_clk_out1_clk_wiz_0 
Related violations: <none>

TIMING-18#17 Warning
Missing input or output delay  
An input delay is missing on sw[6] relative to clock(s) VIRTUAL_clk_out1_clk_wiz_0 
Related violations: <none>

TIMING-18#18 Warning
Missing input or output delay  
An input delay is missing on sw[7] relative to clock(s) VIRTUAL_clk_out1_clk_wiz_0 
Related violations: <none>

TIMING-18#19 Warning
Missing input or output delay  
An input delay is missing on sw[8] relative to clock(s) VIRTUAL_clk_out1_clk_wiz_0 
Related violations: <none>

TIMING-18#20 Warning
Missing input or output delay  
An input delay is missing on sw[9] relative to clock(s) VIRTUAL_clk_out1_clk_wiz_0 
Related violations: <none>

TIMING-18#21 Warning
Missing input or output delay  
An output delay is missing on an[0] relative to clock(s) VIRTUAL_clk_out1_clk_wiz_0 
Related violations: <none>

TIMING-18#22 Warning
Missing input or output delay  
An output delay is missing on an[1] relative to clock(s) VIRTUAL_clk_out1_clk_wiz_0 
Related violations: <none>

TIMING-18#23 Warning
Missing input or output delay  
An output delay is missing on an[2] relative to clock(s) VIRTUAL_clk_out1_clk_wiz_0 
Related violations: <none>

TIMING-18#24 Warning
Missing input or output delay  
An output delay is missing on an[3] relative to clock(s) VIRTUAL_clk_out1_clk_wiz_0 
Related violations: <none>

TIMING-18#25 Warning
Missing input or output delay  
An output delay is missing on dp relative to clock(s) VIRTUAL_clk_out1_clk_wiz_0 
Related violations: <none>

TIMING-18#26 Warning
Missing input or output delay  
An output delay is missing on seg[0] relative to clock(s) VIRTUAL_clk_out1_clk_wiz_0 
Related violations: <none>

TIMING-18#27 Warning
Missing input or output delay  
An output delay is missing on seg[1] relative to clock(s) VIRTUAL_clk_out1_clk_wiz_0 
Related violations: <none>

TIMING-18#28 Warning
Missing input or output delay  
An output delay is missing on seg[2] relative to clock(s) VIRTUAL_clk_out1_clk_wiz_0 
Related violations: <none>

TIMING-18#29 Warning
Missing input or output delay  
An output delay is missing on seg[3] relative to clock(s) VIRTUAL_clk_out1_clk_wiz_0 
Related violations: <none>

TIMING-18#30 Warning
Missing input or output delay  
An output delay is missing on seg[4] relative to clock(s) VIRTUAL_clk_out1_clk_wiz_0 
Related violations: <none>

TIMING-18#31 Warning
Missing input or output delay  
An output delay is missing on seg[5] relative to clock(s) VIRTUAL_clk_out1_clk_wiz_0 
Related violations: <none>

TIMING-18#32 Warning
Missing input or output delay  
An output delay is missing on seg[6] relative to clock(s) VIRTUAL_clk_out1_clk_wiz_0 
Related violations: <none>


