(---------------------------------------------------------------------)
(                                                                     )
(    QUICKPLACE LOG                                                   )
(                                                                     )
(    Drawing          : ee174tutorial.brd                             )
(    Software Version : 16.6-2015S059                                 )
(    Date/Time        : Wed Jan 02 14:46:19 2019                      )
(                                                                     )
(---------------------------------------------------------------------)


State: Placing on layer TOP

         Placed symbol:  U2 / ATF16V8BQL_3_DIP100_20_W300_L97 / DIP100_20_W300_L975 at (12038.0 14638.0)
         Placed symbol:  U1 / HT12E_4_DIP100_18_W300_L950_HT1 / DIP100_18_W300_L950 at (12113.0 14222.0)
         Placed symbol:  U3 / 74HC00_8_DIP100_14_W300_L700_74 / DIP100_14_W300_L700 at (12338.0 13806.0)
         Placed symbol:  J4 / 10PIN 1ROW HEADER_BCON_10X1V_10 / BCON_10X1V_100S_1SQ_42D at (12033.0 13690.0)
         Placed symbol:  J2 / 10PIN 1ROW HEADER_BCON_10X1V_10 / BCON_10X1V_100S_1SQ_42D at (12033.0 13574.0)
         Placed symbol:  Q1 / TPS1120_1_SOJ50_8_WB150_L150_TP / SOJ50_8_WB150_L150 at (12807.0 13244.0)
         Placed symbol:  J5 / JUMPER3_BCON_3X2V_100S_42D_JUMP / BCON_3X2V_100S_42D at (12742.0 13028.0)
         Placed symbol:  U4 / LM317_1_SMSOT223_1234_LM317A/SO / SMSOT223_1234 at (12767.0 12667.0)
         Placed symbol:  SW9 / SW_SL_SPDT_0_SPDT_EG1206_SW_SL_ / SPDT_EG1206 at (12657.0 12470.0)
         Placed symbol:  C6 / C NP_1_SMC0805_10NF / SMC0805 at (12867.0 12161.5)
         Placed symbol:  D3 / LED_0_SMD_0805_21_RED / SMD_0805_21 at (12950.0 12058.5)
         Placed symbol:  D1 / DIODE SCHOTTKY_0_AX400_35D_1N58 / AX400_35D at (12549.5 11942.0)
         Placed symbol:  J3 / 2PIN HEADER_0_BCON_2X1V_100S_1S / BCON_2X1V_100S_1SQ_42D at (12838.0 11826.0)
         Placed symbol:  J6 / 2PIN HEADER_0_BCON_2X1V_100S__1 / BCON_2X1V_100S_1SQ_42D at (12838.0 11710.0)
         Placed symbol:  C2 / C NP_1_SMC0805_100NF / SMC0805 at (12867.0 11607.5)
         Placed symbol:  C7 / C NP_1_SMC0805_0.1UF / SMC0805 at (12867.0 11518.5)
         Placed symbol:  R1 / R_SMR0805_1M / SMR0805 at (12867.0 11429.5)
         Placed symbol:  R10 / R_SMR0805_1K / SMR0805 at (12867.0 11340.5)
         Placed symbol:  R11 / R_SMR0805_1K / SMR0805 at (12867.0 11251.5)
         Placed symbol:  D2 / LED_0_SMD_0805_21_GREEN / SMD_0805_21 at (12950.0 11148.5)
         Placed symbol:  C4 / C NP_1_SMC0805_0.1UF / SMC0805 at (12867.0 11045.5)
         Placed symbol:  R4 / R_SMR0805_120K / SMR0805 at (12867.0 10956.5)
         Placed symbol:  R5 / R_SMR0805_R / SMR0805 at (12867.0 10867.5)
         Placed symbol:  R6 / R_SMR0805_240 / SMR0805 at (12867.0 10778.5)
         Placed symbol:  R7 / R_SMR0805_47K / SMR0805 at (12867.0 10689.5)
         Placed symbol:  R8 / R_SMR0805_47K / SMR0805 at (12867.0 10600.5)
         Placed symbol:  R9 / R_SMR0805_47K / SMR0805 at (12867.0 10511.5)
         Placed symbol:  SW1 / SW PUSHBUTTON_B3F-1000_38D_SW P / B3F-1000_38D at (12732.0 10123.0)
         Placed symbol:  SW2 / SW PUSHBUTTON_B3F-1000_38D_SW P / B3F-1000_38D at (12732.0 9735.0)
         Placed symbol:  SW3 / SW PUSHBUTTON_B3F-1000_38D_SW P / B3F-1000_38D at (12732.0 9347.0)
         Placed symbol:  SW4 / SW PUSHBUTTON_B3F-1000_38D_SW P / B3F-1000_38D at (11706.0 14652.0)
         Placed symbol:  SW5 / SW PUSHBUTTON_B3F-1000_38D_SW P / B3F-1000_38D at (11706.0 14264.0)
         Placed symbol:  SW6 / SW PUSHBUTTON_B3F-1000_38D_SW P / B3F-1000_38D at (11706.0 13876.0)
         Placed symbol:  SW7 / SW PUSHBUTTON_B3F-1000_38D_SW P / B3F-1000_38D at (11706.0 13488.0)
         Placed symbol:  SW8 / SW PUSHBUTTON_B3F-1000_38D_SW P / B3F-1000_38D at (11706.0 13100.0)
         Placed symbol:  C5 / C NP_1_SMC0805_0.1UF / SMC0805 at (11841.0 13011.5)
         Placed symbol:  C3 / C NP_1_SMC0805_0.1UF / SMC0805 at (11841.0 12922.5)
         Placed symbol:  R2 / R_SMR0805_4.7K / SMR0805 at (11841.0 12833.5)
         Placed symbol:  R3 / R_SMR0805_470 / SMR0805 at (11841.0 12744.5)
         Placed symbol:  C1 / C NP_1_SMC0805_0.1UF / SMC0805 at (11841.0 12655.5)


Placed 40 of 40 applicable (40 total) symbols.

-----------------------------------------------------------------------

