(---------------------------------------------------------------------)
(                                                                     )
(    NC DRILL Log                                                     )
(                                                                     )
(    Drawing          : ee157lab2_crystal_oscillator.brd              )
(    Software Version : 16.6-2015S059                                 )
(    Date/Time        : Thu Feb 14 18:42:41 2019                      )
(                                                                     )
(---------------------------------------------------------------------)



 Processing NC Parameters file 'nc_param.txt' ...

 NC PARAMETERS
 -------------

 FORMAT   		2.4
 MACHINE-OFFSET		x:0.00000	y:0.00000   (inch)
 FEEDRATE		1
 COORDINATES		ABSOLUTE
 OUTPUT-UNITS		ENGLISH
 TOOL-ORDER		DECREASING
 REPEAT-CODES		YES
 SUPPRESS-LEAD-ZEROES	NO
 SUPPRESS-TRAIL-ZEROES	YES
 SUPPRESS-EQUAL		NO
 TOOL-SELECT		YES
 HEADER			none
 LEADER			12
 CODE			ASCII
 SEPARATE		NO
 SEPARATE-ROUTING	NO
 OPTIMIZE_DRILLING	NO
 ENHANCED_EXCELLON	YES
 SCALE			1.000000

 WARNING(SPMHMF-358): Design precision is the same as that of the drill output file data.
 WARNING(SPMHMF-359): Data rounding errors may still be possible.
 WARNING(SPMHMF-368): Cannot find NC Drill tool file 'nc_tools.txt'
 WARNING(SPMHMF-369): ... will auto-generate tool file 'nc_tools_auto.txt'.


     Auto-generating tool file 'nc_tools_auto.txt' ...

           Size  Plating  Tool        + Tolerance  - Tolerance

          118.1  P        T01            0.000000     0.000000
           49.2  P        T02            0.000000     0.000000
           39.4  P        T03            0.000000     0.000000
           19.7  P        T04            0.000000     0.000000


 Drill files being output to directory 'C:/Users/Stephen/Documents/JebIsAMess/UCSC_Schoolwork/Win19/EE157/Lab2/Crystal_Oscillator/Crystal_Oscillator/pcb/artwork' ...



     'ee157lab2_crystal_oscillator-1-2.drl' created for holes connecting TOP and BOTTOM
     ----------------------------------------------------------------------------------

     Tool  Num     Size      +/- Tolerance     Plating   Quantity

     T01    1. 118.1000    0.0000/  0.0000      PLATED          1
     T02    2.  49.2000    0.0000/  0.0000      PLATED          8
     T03    3.  39.4000    0.0000/  0.0000      PLATED          3
     T04    4.  19.7000    0.0000/  0.0000      PLATED          2

     ---- Total holes:                                         14

     ---- Total head travel:              0.58 feet (0.18 meters)

