(---------------------------------------------------------------------)
(                                                                     )
(    Parameter File READ                                              )
(                                                                     )
(    Drawing          : ee157lab2_crystal_oscillator.brd              )
(    Software Version : 16.6-2015S059                                 )
(    Date/Time        : Mon Feb 11 14:31:04 2019                      )
(                                                                     )
(---------------------------------------------------------------------)


	Paramfile Name : C:/Users/Stephen/Documents/JebIsAMess/UCSC_Schoolwork/Win19/EE157/Lab2/Crystal_Oscillator/lib/local/parameter/2_layer_rev1.prm
	Layout Name   : C:/Users/Stephen/Documents/JebIsAMess/UCSC_Schoolwork/Win19/EE157/Lab2/Crystal_Oscillator/Crystal_Oscillator/pcb/ee157lab2_crystal_oscillator.brd

Reading...db_common_type:
Reading...grid_parms_type:
Reading...UnusedPadsSuppressionSettings:
Reading...art_film_type:
Reading...art_film_block_type:
Reading...art_class_type:
Reading...art_class_type:
Reading...art_class_type:
Reading...art_film_type:
Reading...art_film_block_type:
Reading...art_class_type:
Reading...art_class_type:
Reading...art_class_type:
Reading...art_film_type:
Reading...art_film_block_type:
Reading...art_class_type:
Reading...art_class_type:
Reading...art_film_type:
Reading...art_film_block_type:
Reading...art_class_type:
Reading...art_class_type:
Reading...art_film_type:
Reading...art_film_block_type:
Reading...art_class_type:
Reading...art_film_type:
Reading...art_film_block_type:
Reading...art_class_type:
Reading...art_film_type:
Reading...art_film_block_type:
Reading...art_class_type:
Reading...art_class_type:
Reading...color_table_table:
Reading...ColorParmType:
Reading...netCustomColors:
Reading...text_size_table:
Reading...placement_parameter_type:
Reading...probe_parm_type:
Reading...dynfill_parm_type:
Reading...ifp_parm_type:
Reading...ministat_parm_type:
Reading...ats_parm_type:
Reading...drf_parm_type:


..... Total number of errors: 0.
..... Total number of warnings: 0.
