(---------------------------------------------------------------------)
(                                                                     )
(    DBDOCTOR                                                         )
(                                                                     )
(    Drawing          : X_400L_140W_185LS_20D.dra                     )
(    Software Version : 16.6-2015S058                                 )
(    Date/Time        : Mon Feb 11 15:12:58 2019                      )
(                                                                     )
(---------------------------------------------------------------------)



0 warnings, 0 errors detected, 0 errors  fixed.
(---------------------------------------------------------------------)
(                                                                     )
(    DBDOCTOR                                                         )
(                                                                     )
(    Drawing          : X_400L_140W_185LS_20D.dra                     )
(    Software Version : 16.6-2015S058                                 )
(    Date/Time        : Mon Feb 11 15:13:02 2019                      )
(                                                                     )
(---------------------------------------------------------------------)



0 warnings, 0 errors detected, 0 errors  fixed.
(---------------------------------------------------------------------)
(                                                                     )
(    DBDOCTOR                                                         )
(                                                                     )
(    Drawing          : X_400L_140W_185LS_20D.dra                     )
(    Software Version : 16.6-2015S058                                 )
(    Date/Time        : Mon Feb 11 15:13:10 2019                      )
(                                                                     )
(---------------------------------------------------------------------)



0 warnings, 0 errors detected, 0 errors  fixed.
